/u/s/i/sinclair/courses/cs552/spring2022/handouts/testprograms/public/rand_final/ldld_rand_large.asm SUCCESS CPI:4.3 CYCLES:4496 ICOUNT:1035 IHITRATE: 91.2 DHITRATE: 96.8
/u/s/i/sinclair/courses/cs552/spring2022/handouts/testprograms/public/rand_final/ldld_rand_small.asm SUCCESS CPI:4.3 CYCLES:4496 ICOUNT:1035 IHITRATE: 91.2 DHITRATE: 96.8
/u/s/i/sinclair/courses/cs552/spring2022/handouts/testprograms/public/rand_final/ldst_rand_large.asm SUCCESS CPI:3.2 CYCLES:4476 ICOUNT:1417 IHITRATE: 99.6 DHITRATE: 91.4
/u/s/i/sinclair/courses/cs552/spring2022/handouts/testprograms/public/rand_final/ldst_rand_small.asm SUCCESS CPI:3.0 CYCLES:4246 ICOUNT:1417 IHITRATE: 99.6 DHITRATE: 95.0
/u/s/i/sinclair/courses/cs552/spring2022/handouts/testprograms/public/rand_final/t_100_all.asm SUCCESS CPI:5.3 CYCLES:1784 ICOUNT:334 IHITRATE: 72.4 DHITRATE: 70.4
/u/s/i/sinclair/courses/cs552/spring2022/handouts/testprograms/public/rand_final/t_100_ctrl.asm SUCCESS CPI:5.4 CYCLES:3469 ICOUNT:647 IHITRATE: 71.8 DHITRATE: 78.0
/u/s/i/sinclair/courses/cs552/spring2022/handouts/testprograms/public/rand_final/t_100_icache.asm SUCCESS CPI:53.0 CYCLES:1060 ICOUNT:20 IHITRATE: 45.0 DHITRATE: 0
/u/s/i/sinclair/courses/cs552/spring2022/handouts/testprograms/public/rand_final/t_100_idcache.asm SUCCESS CPI:9.7 CYCLES:3871 ICOUNT:401 IHITRATE: 85.0 DHITRATE: 35.2
/u/s/i/sinclair/courses/cs552/spring2022/handouts/testprograms/public/rand_final/t_100_mem.asm FAILED
/u/s/i/sinclair/courses/cs552/spring2022/handouts/testprograms/public/rand_final/t_101_all.asm SUCCESS CPI:5.3 CYCLES:2360 ICOUNT:449 IHITRATE: 73.4 DHITRATE: 71.4
/u/s/i/sinclair/courses/cs552/spring2022/handouts/testprograms/public/rand_final/t_101_ctrl.asm SUCCESS CPI:5.0 CYCLES:4284 ICOUNT:850 IHITRATE: 73.0 DHITRATE: 81.7
/u/s/i/sinclair/courses/cs552/spring2022/handouts/testprograms/public/rand_final/t_101_icache.asm SUCCESS CPI:30.5 CYCLES:1280 ICOUNT:42 IHITRATE: 51.3 DHITRATE: 0
/u/s/i/sinclair/courses/cs552/spring2022/handouts/testprograms/public/rand_final/t_101_idcache.asm SUCCESS CPI:9.3 CYCLES:3827 ICOUNT:413 IHITRATE: 86.2 DHITRATE: 35.1
/u/s/i/sinclair/courses/cs552/spring2022/handouts/testprograms/public/rand_final/t_101_mem.asm FAILED
/u/s/i/sinclair/courses/cs552/spring2022/handouts/testprograms/public/rand_final/t_102_all.asm SUCCESS CPI:5.3 CYCLES:1947 ICOUNT:365 IHITRATE: 73.3 DHITRATE: 61.3
/u/s/i/sinclair/courses/cs552/spring2022/handouts/testprograms/public/rand_final/t_102_ctrl.asm SUCCESS CPI:5.0 CYCLES:4306 ICOUNT:856 IHITRATE: 72.9 DHITRATE: 74.0
/u/s/i/sinclair/courses/cs552/spring2022/handouts/testprograms/public/rand_final/t_102_icache.asm SUCCESS CPI:24.3 CYCLES:1460 ICOUNT:60 IHITRATE: 51.3 DHITRATE: 0
/u/s/i/sinclair/courses/cs552/spring2022/handouts/testprograms/public/rand_final/t_102_idcache.asm SUCCESS CPI:10.5 CYCLES:3504 ICOUNT:335 IHITRATE: 85.2 DHITRATE: 31.1
/u/s/i/sinclair/courses/cs552/spring2022/handouts/testprograms/public/rand_final/t_102_mem.asm FAILED
/u/s/i/sinclair/courses/cs552/spring2022/handouts/testprograms/public/rand_final/t_103_all.asm SUCCESS CPI:4.9 CYCLES:2220 ICOUNT:453 IHITRATE: 73.3 DHITRATE: 57.7
/u/s/i/sinclair/courses/cs552/spring2022/handouts/testprograms/public/rand_final/t_103_ctrl.asm FAILED
/u/s/i/sinclair/courses/cs552/spring2022/handouts/testprograms/public/rand_final/t_103_icache.asm SUCCESS CPI:12.2 CYCLES:1513 ICOUNT:124 IHITRATE: 54.9 DHITRATE: 0
/u/s/i/sinclair/courses/cs552/spring2022/handouts/testprograms/public/rand_final/t_103_idcache.asm SUCCESS CPI:9.6 CYCLES:3587 ICOUNT:374 IHITRATE: 86.0 DHITRATE: 36.7
/u/s/i/sinclair/courses/cs552/spring2022/handouts/testprograms/public/rand_final/t_103_mem.asm FAILED
/u/s/i/sinclair/courses/cs552/spring2022/handouts/testprograms/public/rand_final/t_104_all.asm SUCCESS CPI:5.1 CYCLES:2316 ICOUNT:456 IHITRATE: 72.8 DHITRATE: 63.0
/u/s/i/sinclair/courses/cs552/spring2022/handouts/testprograms/public/rand_final/t_104_ctrl.asm FAILED
/u/s/i/sinclair/courses/cs552/spring2022/handouts/testprograms/public/rand_final/t_104_icache.asm SUCCESS CPI:24.4 CYCLES:1149 ICOUNT:47 IHITRATE: 50.2 DHITRATE: 0
/u/s/i/sinclair/courses/cs552/spring2022/handouts/testprograms/public/rand_final/t_104_idcache.asm SUCCESS CPI:11.1 CYCLES:3456 ICOUNT:311 IHITRATE: 86.1 DHITRATE: 21.1
/u/s/i/sinclair/courses/cs552/spring2022/handouts/testprograms/public/rand_final/t_104_mem.asm SUCCESS CPI:5.7 CYCLES:8795 ICOUNT:1550 IHITRATE: 76.3 DHITRATE: 96.1
/u/s/i/sinclair/courses/cs552/spring2022/handouts/testprograms/public/rand_final/t_105_all.asm SUCCESS CPI:5.1 CYCLES:2316 ICOUNT:453 IHITRATE: 73.4 DHITRATE: 60.7
/u/s/i/sinclair/courses/cs552/spring2022/handouts/testprograms/public/rand_final/t_105_ctrl.asm SUCCESS CPI:5.2 CYCLES:4143 ICOUNT:798 IHITRATE: 72.9 DHITRATE: 72.4
/u/s/i/sinclair/courses/cs552/spring2022/handouts/testprograms/public/rand_final/t_105_icache.asm SUCCESS CPI:16.9 CYCLES:1267 ICOUNT:75 IHITRATE: 53.3 DHITRATE: 0
/u/s/i/sinclair/courses/cs552/spring2022/handouts/testprograms/public/rand_final/t_105_idcache.asm SUCCESS CPI:10.6 CYCLES:3537 ICOUNT:335 IHITRATE: 85.2 DHITRATE: 22.5
/u/s/i/sinclair/courses/cs552/spring2022/handouts/testprograms/public/rand_final/t_105_mem.asm SUCCESS CPI:5.8 CYCLES:8346 ICOUNT:1440 IHITRATE: 76.2 DHITRATE: 95.7
/u/s/i/sinclair/courses/cs552/spring2022/handouts/testprograms/public/rand_final/t_106_all.asm SUCCESS CPI:5.1 CYCLES:2398 ICOUNT:472 IHITRATE: 72.7 DHITRATE: 70.7
/u/s/i/sinclair/courses/cs552/spring2022/handouts/testprograms/public/rand_final/t_106_ctrl.asm SUCCESS CPI:5.0 CYCLES:4091 ICOUNT:812 IHITRATE: 73.7 DHITRATE: 73.2
/u/s/i/sinclair/courses/cs552/spring2022/handouts/testprograms/public/rand_final/t_106_icache.asm SUCCESS CPI:34.4 CYCLES:1306 ICOUNT:38 IHITRATE: 49.4 DHITRATE: 0
/u/s/i/sinclair/courses/cs552/spring2022/handouts/testprograms/public/rand_final/t_106_idcache.asm SUCCESS CPI:11.0 CYCLES:3593 ICOUNT:326 IHITRATE: 85.1 DHITRATE: 26.7
/u/s/i/sinclair/courses/cs552/spring2022/handouts/testprograms/public/rand_final/t_106_mem.asm SUCCESS CPI:5.9 CYCLES:8413 ICOUNT:1427 IHITRATE: 76.5 DHITRATE: 94.8
/u/s/i/sinclair/courses/cs552/spring2022/handouts/testprograms/public/rand_final/t_107_all.asm SUCCESS CPI:5.1 CYCLES:2175 ICOUNT:428 IHITRATE: 72.6 DHITRATE: 65.6
/u/s/i/sinclair/courses/cs552/spring2022/handouts/testprograms/public/rand_final/t_107_ctrl.asm SUCCESS CPI:5.1 CYCLES:4032 ICOUNT:792 IHITRATE: 72.7 DHITRATE: 76.9
/u/s/i/sinclair/courses/cs552/spring2022/handouts/testprograms/public/rand_final/t_107_icache.asm SUCCESS CPI:23.4 CYCLES:1217 ICOUNT:52 IHITRATE: 50.0 DHITRATE: 0
/u/s/i/sinclair/courses/cs552/spring2022/handouts/testprograms/public/rand_final/t_107_idcache.asm SUCCESS CPI:11.4 CYCLES:3704 ICOUNT:326 IHITRATE: 84.3 DHITRATE: 25.9
/u/s/i/sinclair/courses/cs552/spring2022/handouts/testprograms/public/rand_final/t_107_mem.asm FAILED
/u/s/i/sinclair/courses/cs552/spring2022/handouts/testprograms/public/rand_final/t_108_all.asm SUCCESS CPI:4.8 CYCLES:2250 ICOUNT:464 IHITRATE: 74.0 DHITRATE: 64.9
/u/s/i/sinclair/courses/cs552/spring2022/handouts/testprograms/public/rand_final/t_108_ctrl.asm SUCCESS CPI:5.0 CYCLES:4181 ICOUNT:836 IHITRATE: 72.6 DHITRATE: 78.9
/u/s/i/sinclair/courses/cs552/spring2022/handouts/testprograms/public/rand_final/t_108_icache.asm SUCCESS CPI:35.4 CYCLES:992 ICOUNT:28 IHITRATE: 47.7 DHITRATE: 0
/u/s/i/sinclair/courses/cs552/spring2022/handouts/testprograms/public/rand_final/t_108_idcache.asm SUCCESS CPI:10.7 CYCLES:3663 ICOUNT:341 IHITRATE: 85.0 DHITRATE: 31.2
/u/s/i/sinclair/courses/cs552/spring2022/handouts/testprograms/public/rand_final/t_108_mem.asm FAILED
/u/s/i/sinclair/courses/cs552/spring2022/handouts/testprograms/public/rand_final/t_109_all.asm SUCCESS CPI:5.2 CYCLES:1766 ICOUNT:339 IHITRATE: 72.6 DHITRATE: 83.3
/u/s/i/sinclair/courses/cs552/spring2022/handouts/testprograms/public/rand_final/t_109_ctrl.asm SUCCESS CPI:5.1 CYCLES:4249 ICOUNT:840 IHITRATE: 72.4 DHITRATE: 86.4
/u/s/i/sinclair/courses/cs552/spring2022/handouts/testprograms/public/rand_final/t_109_icache.asm SUCCESS CPI:26.8 CYCLES:1315 ICOUNT:49 IHITRATE: 51.2 DHITRATE: 0
/u/s/i/sinclair/courses/cs552/spring2022/handouts/testprograms/public/rand_final/t_109_idcache.asm SUCCESS CPI:10.6 CYCLES:3672 ICOUNT:347 IHITRATE: 86.2 DHITRATE: 17.4
/u/s/i/sinclair/courses/cs552/spring2022/handouts/testprograms/public/rand_final/t_109_mem.asm SUCCESS CPI:6.0 CYCLES:8241 ICOUNT:1385 IHITRATE: 76.3 DHITRATE: 95.5
/u/s/i/sinclair/courses/cs552/spring2022/handouts/testprograms/public/rand_final/t_10_mem.asm FAILED
/u/s/i/sinclair/courses/cs552/spring2022/handouts/testprograms/public/rand_final/t_110_all.asm SUCCESS CPI:4.9 CYCLES:2233 ICOUNT:457 IHITRATE: 72.6 DHITRATE: 84.6
/u/s/i/sinclair/courses/cs552/spring2022/handouts/testprograms/public/rand_final/t_110_ctrl.asm SUCCESS CPI:4.9 CYCLES:4474 ICOUNT:915 IHITRATE: 73.5 DHITRATE: 80.0
/u/s/i/sinclair/courses/cs552/spring2022/handouts/testprograms/public/rand_final/t_110_icache.asm SUCCESS CPI:45.5 CYCLES:1275 ICOUNT:28 IHITRATE: 46.6 DHITRATE: 0
/u/s/i/sinclair/courses/cs552/spring2022/handouts/testprograms/public/rand_final/t_110_idcache.asm SUCCESS CPI:10.2 CYCLES:3931 ICOUNT:386 IHITRATE: 85.6 DHITRATE: 27.2
/u/s/i/sinclair/courses/cs552/spring2022/handouts/testprograms/public/rand_final/t_110_mem.asm FAILED
/u/s/i/sinclair/courses/cs552/spring2022/handouts/testprograms/public/rand_final/t_111_all.asm SUCCESS CPI:5.4 CYCLES:2149 ICOUNT:396 IHITRATE: 71.9 DHITRATE: 73.7
/u/s/i/sinclair/courses/cs552/spring2022/handouts/testprograms/public/rand_final/t_111_ctrl.asm SUCCESS CPI:5.0 CYCLES:4550 ICOUNT:912 IHITRATE: 72.8 DHITRATE: 74.1
/u/s/i/sinclair/courses/cs552/spring2022/handouts/testprograms/public/rand_final/t_111_icache.asm SUCCESS CPI:30.4 CYCLES:1217 ICOUNT:40 IHITRATE: 47.9 DHITRATE: 0
/u/s/i/sinclair/courses/cs552/spring2022/handouts/testprograms/public/rand_final/t_111_idcache.asm SUCCESS CPI:10.3 CYCLES:4051 ICOUNT:392 IHITRATE: 87.1 DHITRATE: 17.9
/u/s/i/sinclair/courses/cs552/spring2022/handouts/testprograms/public/rand_final/t_111_mem.asm SUCCESS CPI:4.2 CYCLES:172 ICOUNT:41 IHITRATE: 75.0 DHITRATE: 0
/u/s/i/sinclair/courses/cs552/spring2022/handouts/testprograms/public/rand_final/t_112_all.asm SUCCESS CPI:5.3 CYCLES:1979 ICOUNT:375 IHITRATE: 72.6 DHITRATE: 62.1
/u/s/i/sinclair/courses/cs552/spring2022/handouts/testprograms/public/rand_final/t_112_ctrl.asm SUCCESS CPI:5.1 CYCLES:3864 ICOUNT:751 IHITRATE: 72.7 DHITRATE: 69.8
/u/s/i/sinclair/courses/cs552/spring2022/handouts/testprograms/public/rand_final/t_112_icache.asm SUCCESS CPI:13.2 CYCLES:1305 ICOUNT:99 IHITRATE: 54.8 DHITRATE: 0
/u/s/i/sinclair/courses/cs552/spring2022/handouts/testprograms/public/rand_final/t_112_idcache.asm SUCCESS CPI:10.0 CYCLES:4061 ICOUNT:407 IHITRATE: 86.9 DHITRATE: 24.1
/u/s/i/sinclair/courses/cs552/spring2022/handouts/testprograms/public/rand_final/t_112_mem.asm FAILED
/u/s/i/sinclair/courses/cs552/spring2022/handouts/testprograms/public/rand_final/t_113_all.asm FAILED
/u/s/i/sinclair/courses/cs552/spring2022/handouts/testprograms/public/rand_final/t_113_ctrl.asm FAILED
/u/s/i/sinclair/courses/cs552/spring2022/handouts/testprograms/public/rand_final/t_113_icache.asm SUCCESS CPI:17.4 CYCLES:1616 ICOUNT:93 IHITRATE: 53.0 DHITRATE: 0
/u/s/i/sinclair/courses/cs552/spring2022/handouts/testprograms/public/rand_final/t_113_idcache.asm SUCCESS CPI:9.3 CYCLES:3753 ICOUNT:404 IHITRATE: 85.8 DHITRATE: 30.1
/u/s/i/sinclair/courses/cs552/spring2022/handouts/testprograms/public/rand_final/t_113_mem.asm FAILED
/u/s/i/sinclair/courses/cs552/spring2022/handouts/testprograms/public/rand_final/t_114_all.asm SUCCESS CPI:4.6 CYCLES:2786 ICOUNT:605 IHITRATE: 73.8 DHITRATE: 72.5
/u/s/i/sinclair/courses/cs552/spring2022/handouts/testprograms/public/rand_final/t_114_ctrl.asm SUCCESS CPI:4.9 CYCLES:4371 ICOUNT:887 IHITRATE: 72.9 DHITRATE: 88.5
/u/s/i/sinclair/courses/cs552/spring2022/handouts/testprograms/public/rand_final/t_114_icache.asm SUCCESS CPI:29.5 CYCLES:1181 ICOUNT:40 IHITRATE: 51.4 DHITRATE: 0
/u/s/i/sinclair/courses/cs552/spring2022/handouts/testprograms/public/rand_final/t_114_idcache.asm SUCCESS CPI:10.1 CYCLES:3599 ICOUNT:356 IHITRATE: 84.3 DHITRATE: 30.4
/u/s/i/sinclair/courses/cs552/spring2022/handouts/testprograms/public/rand_final/t_114_mem.asm FAILED
/u/s/i/sinclair/courses/cs552/spring2022/handouts/testprograms/public/rand_final/t_115_all.asm SUCCESS CPI:5.0 CYCLES:2269 ICOUNT:455 IHITRATE: 72.7 DHITRATE: 77.8
/u/s/i/sinclair/courses/cs552/spring2022/handouts/testprograms/public/rand_final/t_115_ctrl.asm FAILED
/u/s/i/sinclair/courses/cs552/spring2022/handouts/testprograms/public/rand_final/t_115_icache.asm SUCCESS CPI:18.1 CYCLES:1102 ICOUNT:61 IHITRATE: 53.8 DHITRATE: 0
/u/s/i/sinclair/courses/cs552/spring2022/handouts/testprograms/public/rand_final/t_115_idcache.asm SUCCESS CPI:9.1 CYCLES:3885 ICOUNT:428 IHITRATE: 86.7 DHITRATE: 37.2
/u/s/i/sinclair/courses/cs552/spring2022/handouts/testprograms/public/rand_final/t_115_mem.asm RELAX-PASS
/u/s/i/sinclair/courses/cs552/spring2022/handouts/testprograms/public/rand_final/t_116_all.asm SUCCESS CPI:4.7 CYCLES:2764 ICOUNT:587 IHITRATE: 74.2 DHITRATE: 75.0
/u/s/i/sinclair/courses/cs552/spring2022/handouts/testprograms/public/rand_final/t_116_ctrl.asm FAILED
/u/s/i/sinclair/courses/cs552/spring2022/handouts/testprograms/public/rand_final/t_116_icache.asm SUCCESS CPI:16.4 CYCLES:1494 ICOUNT:91 IHITRATE: 52.5 DHITRATE: 0
/u/s/i/sinclair/courses/cs552/spring2022/handouts/testprograms/public/rand_final/t_116_idcache.asm SUCCESS CPI:10.6 CYCLES:3704 ICOUNT:350 IHITRATE: 84.4 DHITRATE: 32.0
/u/s/i/sinclair/courses/cs552/spring2022/handouts/testprograms/public/rand_final/t_116_mem.asm FAILED
/u/s/i/sinclair/courses/cs552/spring2022/handouts/testprograms/public/rand_final/t_117_all.asm FAILED
/u/s/i/sinclair/courses/cs552/spring2022/handouts/testprograms/public/rand_final/t_117_ctrl.asm SUCCESS CPI:5.1 CYCLES:4550 ICOUNT:898 IHITRATE: 73.8 DHITRATE: 69.6
/u/s/i/sinclair/courses/cs552/spring2022/handouts/testprograms/public/rand_final/t_117_icache.asm SUCCESS CPI:15.6 CYCLES:1369 ICOUNT:88 IHITRATE: 56.3 DHITRATE: 0
/u/s/i/sinclair/courses/cs552/spring2022/handouts/testprograms/public/rand_final/t_117_idcache.asm SUCCESS CPI:9.5 CYCLES:3971 ICOUNT:416 IHITRATE: 84.2 DHITRATE: 33.9
/u/s/i/sinclair/courses/cs552/spring2022/handouts/testprograms/public/rand_final/t_117_mem.asm SUCCESS CPI:5.7 CYCLES:8912 ICOUNT:1572 IHITRATE: 76.1 DHITRATE: 95.8
/u/s/i/sinclair/courses/cs552/spring2022/handouts/testprograms/public/rand_final/t_118_all.asm SUCCESS CPI:4.9 CYCLES:2627 ICOUNT:531 IHITRATE: 73.6 DHITRATE: 70.2
/u/s/i/sinclair/courses/cs552/spring2022/handouts/testprograms/public/rand_final/t_118_ctrl.asm SUCCESS CPI:5.1 CYCLES:4045 ICOUNT:793 IHITRATE: 73.5 DHITRATE: 70.5
/u/s/i/sinclair/courses/cs552/spring2022/handouts/testprograms/public/rand_final/t_118_icache.asm SUCCESS CPI:47.4 CYCLES:1234 ICOUNT:26 IHITRATE: 48.2 DHITRATE: 0
/u/s/i/sinclair/courses/cs552/spring2022/handouts/testprograms/public/rand_final/t_118_idcache.asm SUCCESS CPI:10.6 CYCLES:3440 ICOUNT:323 IHITRATE: 85.5 DHITRATE: 22.5
/u/s/i/sinclair/courses/cs552/spring2022/handouts/testprograms/public/rand_final/t_118_mem.asm FAILED
/u/s/i/sinclair/courses/cs552/spring2022/handouts/testprograms/public/rand_final/t_119_all.asm SUCCESS CPI:5.1 CYCLES:2166 ICOUNT:427 IHITRATE: 73.4 DHITRATE: 69.4
/u/s/i/sinclair/courses/cs552/spring2022/handouts/testprograms/public/rand_final/t_119_ctrl.asm FAILED
/u/s/i/sinclair/courses/cs552/spring2022/handouts/testprograms/public/rand_final/t_119_icache.asm SUCCESS CPI:30.7 CYCLES:921 ICOUNT:30 IHITRATE: 44.9 DHITRATE: 0
/u/s/i/sinclair/courses/cs552/spring2022/handouts/testprograms/public/rand_final/t_119_idcache.asm SUCCESS CPI:12.0 CYCLES:1623 ICOUNT:135 IHITRATE: 68.1 DHITRATE: 20.8
/u/s/i/sinclair/courses/cs552/spring2022/handouts/testprograms/public/rand_final/t_119_mem.asm FAILED
/u/s/i/sinclair/courses/cs552/spring2022/handouts/testprograms/public/rand_final/t_11_mem.asm SUCCESS CPI:5.7 CYCLES:9022 ICOUNT:1571 IHITRATE: 76.7 DHITRATE: 93.2
/u/s/i/sinclair/courses/cs552/spring2022/handouts/testprograms/public/rand_final/t_120_all.asm SUCCESS CPI:5.4 CYCLES:2114 ICOUNT:395 IHITRATE: 71.3 DHITRATE: 80.8
/u/s/i/sinclair/courses/cs552/spring2022/handouts/testprograms/public/rand_final/t_120_ctrl.asm SUCCESS CPI:4.9 CYCLES:4433 ICOUNT:903 IHITRATE: 72.9 DHITRATE: 77.5
/u/s/i/sinclair/courses/cs552/spring2022/handouts/testprograms/public/rand_final/t_120_icache.asm SUCCESS CPI:38.4 CYCLES:1269 ICOUNT:33 IHITRATE: 48.7 DHITRATE: 0
/u/s/i/sinclair/courses/cs552/spring2022/handouts/testprograms/public/rand_final/t_120_idcache.asm SUCCESS CPI:10.1 CYCLES:3714 ICOUNT:368 IHITRATE: 84.9 DHITRATE: 32.7
/u/s/i/sinclair/courses/cs552/spring2022/handouts/testprograms/public/rand_final/t_120_mem.asm FAILED
/u/s/i/sinclair/courses/cs552/spring2022/handouts/testprograms/public/rand_final/t_121_all.asm SUCCESS CPI:5.4 CYCLES:1781 ICOUNT:327 IHITRATE: 72.7 DHITRATE: 65.2
/u/s/i/sinclair/courses/cs552/spring2022/handouts/testprograms/public/rand_final/t_122_all.asm SUCCESS CPI:5.2 CYCLES:1755 ICOUNT:335 IHITRATE: 72.8 DHITRATE: 69.2
/u/s/i/sinclair/courses/cs552/spring2022/handouts/testprograms/public/rand_final/t_123_all.asm FAILED
/u/s/i/sinclair/courses/cs552/spring2022/handouts/testprograms/public/rand_final/t_124_all.asm SUCCESS CPI:4.9 CYCLES:1816 ICOUNT:371 IHITRATE: 74.2 DHITRATE: 65.4
/u/s/i/sinclair/courses/cs552/spring2022/handouts/testprograms/public/rand_final/t_125_all.asm SUCCESS CPI:5.2 CYCLES:2685 ICOUNT:514 IHITRATE: 74.7 DHITRATE: 55.2
/u/s/i/sinclair/courses/cs552/spring2022/handouts/testprograms/public/rand_final/t_126_all.asm SUCCESS CPI:4.8 CYCLES:3020 ICOUNT:623 IHITRATE: 75.0 DHITRATE: 55.8
/u/s/i/sinclair/courses/cs552/spring2022/handouts/testprograms/public/rand_final/t_127_all.asm SUCCESS CPI:4.8 CYCLES:2284 ICOUNT:473 IHITRATE: 73.4 DHITRATE: 72.7
/u/s/i/sinclair/courses/cs552/spring2022/handouts/testprograms/public/rand_final/t_128_all.asm FAILED
/u/s/i/sinclair/courses/cs552/spring2022/handouts/testprograms/public/rand_final/t_129_all.asm SUCCESS CPI:5.1 CYCLES:2292 ICOUNT:450 IHITRATE: 74.2 DHITRATE: 70.8
/u/s/i/sinclair/courses/cs552/spring2022/handouts/testprograms/public/rand_final/t_12_mem.asm SUCCESS CPI:5.9 CYCLES:8421 ICOUNT:1426 IHITRATE: 76.1 DHITRATE: 96.5
/u/s/i/sinclair/courses/cs552/spring2022/handouts/testprograms/public/rand_final/t_130_all.asm SUCCESS CPI:4.6 CYCLES:3092 ICOUNT:667 IHITRATE: 75.2 DHITRATE: 70.9
/u/s/i/sinclair/courses/cs552/spring2022/handouts/testprograms/public/rand_final/t_131_all.asm SUCCESS CPI:4.7 CYCLES:2684 ICOUNT:570 IHITRATE: 73.9 DHITRATE: 83.3
/u/s/i/sinclair/courses/cs552/spring2022/handouts/testprograms/public/rand_final/t_132_all.asm SUCCESS CPI:4.9 CYCLES:2379 ICOUNT:489 IHITRATE: 73.9 DHITRATE: 63.9
/u/s/i/sinclair/courses/cs552/spring2022/handouts/testprograms/public/rand_final/t_133_all.asm FAILED
/u/s/i/sinclair/courses/cs552/spring2022/handouts/testprograms/public/rand_final/t_134_all.asm FAILED
/u/s/i/sinclair/courses/cs552/spring2022/handouts/testprograms/public/rand_final/t_135_all.asm SUCCESS CPI:4.7 CYCLES:2960 ICOUNT:625 IHITRATE: 75.0 DHITRATE: 65.4
/u/s/i/sinclair/courses/cs552/spring2022/handouts/testprograms/public/rand_final/t_136_all.asm FAILED
/u/s/i/sinclair/courses/cs552/spring2022/handouts/testprograms/public/rand_final/t_137_all.asm SUCCESS CPI:4.8 CYCLES:2655 ICOUNT:555 IHITRATE: 74.7 DHITRATE: 65.8
/u/s/i/sinclair/courses/cs552/spring2022/handouts/testprograms/public/rand_final/t_138_all.asm SUCCESS CPI:4.8 CYCLES:3058 ICOUNT:637 IHITRATE: 74.2 DHITRATE: 73.7
/u/s/i/sinclair/courses/cs552/spring2022/handouts/testprograms/public/rand_final/t_139_all.asm FAILED
/u/s/i/sinclair/courses/cs552/spring2022/handouts/testprograms/public/rand_final/t_13_mem.asm SUCCESS CPI:6.0 CYCLES:54 ICOUNT:9 IHITRATE: 80.0 DHITRATE: 66.7
/u/s/i/sinclair/courses/cs552/spring2022/handouts/testprograms/public/rand_final/t_140_all.asm SUCCESS CPI:4.9 CYCLES:2034 ICOUNT:418 IHITRATE: 73.7 DHITRATE: 64.5
/u/s/i/sinclair/courses/cs552/spring2022/handouts/testprograms/public/rand_final/t_141_all.asm SUCCESS CPI:4.6 CYCLES:2351 ICOUNT:511 IHITRATE: 73.9 DHITRATE: 84.4
/u/s/i/sinclair/courses/cs552/spring2022/handouts/testprograms/public/rand_final/t_142_all.asm FAILED
/u/s/i/sinclair/courses/cs552/spring2022/handouts/testprograms/public/rand_final/t_143_all.asm SUCCESS CPI:4.6 CYCLES:2439 ICOUNT:526 IHITRATE: 74.5 DHITRATE: 70.6
/u/s/i/sinclair/courses/cs552/spring2022/handouts/testprograms/public/rand_final/t_144_all.asm SUCCESS CPI:5.2 CYCLES:2298 ICOUNT:442 IHITRATE: 73.0 DHITRATE: 60.0
/u/s/i/sinclair/courses/cs552/spring2022/handouts/testprograms/public/rand_final/t_145_all.asm SUCCESS CPI:4.9 CYCLES:2224 ICOUNT:456 IHITRATE: 74.1 DHITRATE: 63.9
/u/s/i/sinclair/courses/cs552/spring2022/handouts/testprograms/public/rand_final/t_146_all.asm FAILED
/u/s/i/sinclair/courses/cs552/spring2022/handouts/testprograms/public/rand_final/t_147_all.asm SUCCESS CPI:4.8 CYCLES:2194 ICOUNT:458 IHITRATE: 73.3 DHITRATE: 73.3
/u/s/i/sinclair/courses/cs552/spring2022/handouts/testprograms/public/rand_final/t_148_all.asm SUCCESS CPI:5.0 CYCLES:2337 ICOUNT:471 IHITRATE: 74.3 DHITRATE: 70.7
/u/s/i/sinclair/courses/cs552/spring2022/handouts/testprograms/public/rand_final/t_149_all.asm SUCCESS CPI:4.8 CYCLES:2229 ICOUNT:465 IHITRATE: 74.1 DHITRATE: 67.9
/u/s/i/sinclair/courses/cs552/spring2022/handouts/testprograms/public/rand_final/t_14_mem.asm SUCCESS CPI:7.0 CYCLES:56 ICOUNT:8 IHITRATE: 81.2 DHITRATE: 50.0
/u/s/i/sinclair/courses/cs552/spring2022/handouts/testprograms/public/rand_final/t_150_all.asm FAILED
/u/s/i/sinclair/courses/cs552/spring2022/handouts/testprograms/public/rand_final/t_15_mem.asm FAILED
/u/s/i/sinclair/courses/cs552/spring2022/handouts/testprograms/public/rand_final/t_16_mem.asm SUCCESS CPI:7.0 CYCLES:56 ICOUNT:8 IHITRATE: 80.0 DHITRATE: 50.0
/u/s/i/sinclair/courses/cs552/spring2022/handouts/testprograms/public/rand_final/t_17_mem.asm FAILED
/u/s/i/sinclair/courses/cs552/spring2022/handouts/testprograms/public/rand_final/t_18_mem.asm FAILED
/u/s/i/sinclair/courses/cs552/spring2022/handouts/testprograms/public/rand_final/t_19_mem.asm SUCCESS CPI:0.0 CYCLES: ICOUNT: IHITRATE: 0 DHITRATE: 0
